{"name": "test_post_api", "status": "failed", "statusDetails": {"message": "AssertionError: Job Tittle is wrong\nassert 'SDET' == 'SDEnT'\n  - SDEnT\n  ?    -\n  + SDET", "trace": ">   ???\nE   AssertionError: Job Tittle is wrong\nE   assert 'SDET' == 'SDEnT'\nE     - SDEnT\nE     ?    -\nE     + SDET\n\nC:\\Users\\ptalekar\\PycharmProjects\\pythonBasics\\Tests\\test_Apimethods.py:31: AssertionError"}, "attachments": [{"name": "stdout", "source": "11cb78d6-be89-4ae1-a327-6de1b7292d6d-attachment.txt", "type": "text/plain"}], "start": 1667978786984, "stop": 1667978796508, "uuid": "c6a1e340-ba12-4579-8f39-b63fb847ab8f", "historyId": "2acd597222e32ac93701ab3125efec96", "testCaseId": "6948f46d1611addb09e4c9421d754d98", "fullName": "Test_Case.test_Apimethods#test_post_api", "labels": [{"name": "parentSuite", "value": "Test_Case"}, {"name": "suite", "value": "test_Apimethods"}, {"name": "host", "value": "DML-56MDLG3"}, {"name": "thread", "value": "31988-MainThread"}, {"name": "framework", "value": "pytest"}, {"name": "language", "value": "cpython3"}, {"name": "package", "value": "Test_Case.test_Apimethods"}]}